# JRE version: Java(TM) SE Runtime Environment (24.0.1+9) (build 24.0.1+9-30)
# Java VM: Java HotSpot(TM) 64-Bit Server VM (24.0.1+9-30, mixed mode, sharing, tiered, compressed oops, compressed class ptrs, g1 gc, windows-amd64)
GC Precious Log:
 CardTable entry size: 512
 Card Set container configuration: InlinePtr #cards 5 size 8 Array Of Cards #cards 10 size 36 Howl #buckets 4 coarsen threshold 1843 Howl Bitmap #cards 512 size 80 coarsen threshold 460 Card regions per heap region 1 cards per card region 2048
 CPUs: 8 total, 8 available
 Memory: 8038M
 Large Page Support: Disabled
 NUMA Support: Disabled
 Compressed Oops: Enabled (32-bit)
 Heap Region Size: 1M
 Heap Min Capacity: 8M
 Heap Initial Capacity: 126M
 Heap Max Capacity: 2G
 Pre-touch: Disabled
 Parallel Workers: 8
 Concurrent Workers: 2
 Concurrent Refinement Workers: 8
 Periodic GC: Disabled
Heap:
 garbage-first heap   total reserved 2097152K, committed 208896K, used 154821K [0x0000000080000000, 0x0000000100000000)
  region size 1024K, 36 young (36864K), 8 survivors (8192K)
 Metaspace       used 109609K, committed 111872K, reserved 557056K
  class space    used 12310K, committed 13376K, reserved 425984K
GC Heap History (20 events):
Event: 57.530 GC heap before
{Heap before GC invocations=34 (full 0):
 garbage-first heap   total reserved 2097152K, committed 145408K, used 130685K [0x0000000080000000, 0x0000000100000000)
  region size 1024K, 48 young (49152K), 4 survivors (4096K)
 Metaspace       used 78293K, committed 80320K, reserved 557056K
  class space    used 9137K, committed 10112K, reserved 425984K
}
Event: 57.537 GC heap after
{Heap after GC invocations=35 (full 0):
 garbage-first heap   total reserved 2097152K, committed 145408K, used 86466K [0x0000000080000000, 0x0000000100000000)
  region size 1024K, 4 young (4096K), 4 survivors (4096K)
 Metaspace       used 78293K, committed 80320K, reserved 557056K
  class space    used 9137K, committed 10112K, reserved 425984K
}
Event: 58.646 GC heap before
{Heap before GC invocations=35 (full 0):
 garbage-first heap   total reserved 2097152K, committed 145408K, used 131522K [0x0000000080000000, 0x0000000100000000)
  region size 1024K, 49 young (50176K), 4 survivors (4096K)
 Metaspace       used 78422K, committed 80576K, reserved 557056K
  class space    used 9150K, committed 10176K, reserved 425984K
}
Event: 58.652 GC heap after
{Heap after GC invocations=36 (full 0):
 garbage-first heap   total reserved 2097152K, committed 175104K, used 88537K [0x0000000080000000, 0x0000000100000000)
  region size 1024K, 6 young (6144K), 6 survivors (6144K)
 Metaspace       used 78422K, committed 80576K, reserved 557056K
  class space    used 9150K, committed 10176K, reserved 425984K
}
Event: 61.586 GC heap before
{Heap before GC invocations=37 (full 0):
 garbage-first heap   total reserved 2097152K, committed 175104K, used 167385K [0x0000000080000000, 0x0000000100000000)
  region size 1024K, 73 young (74752K), 6 survivors (6144K)
 Metaspace       used 83199K, committed 85312K, reserved 557056K
  class space    used 9526K, committed 10496K, reserved 425984K
}
Event: 61.594 GC heap after
{Heap after GC invocations=38 (full 0):
 garbage-first heap   total reserved 2097152K, committed 183296K, used 106651K [0x0000000080000000, 0x0000000100000000)
  region size 1024K, 10 young (10240K), 10 survivors (10240K)
 Metaspace       used 83199K, committed 85312K, reserved 557056K
  class space    used 9526K, committed 10496K, reserved 425984K
}
Event: 62.329 GC heap before
{Heap before GC invocations=38 (full 0):
 garbage-first heap   total reserved 2097152K, committed 183296K, used 167067K [0x0000000080000000, 0x0000000100000000)
  region size 1024K, 64 young (65536K), 10 survivors (10240K)
 Metaspace       used 87754K, committed 89920K, reserved 557056K
  class space    used 9884K, committed 10944K, reserved 425984K
}
Event: 62.338 GC heap after
{Heap after GC invocations=39 (full 0):
 garbage-first heap   total reserved 2097152K, committed 186368K, used 112706K [0x0000000080000000, 0x0000000100000000)
  region size 1024K, 6 young (6144K), 6 survivors (6144K)
 Metaspace       used 87754K, committed 89920K, reserved 557056K
  class space    used 9884K, committed 10944K, reserved 425984K
}
Event: 63.071 GC heap before
{Heap before GC invocations=39 (full 0):
 garbage-first heap   total reserved 2097152K, committed 186368K, used 169026K [0x0000000080000000, 0x0000000100000000)
  region size 1024K, 61 young (62464K), 6 survivors (6144K)
 Metaspace       used 91773K, committed 93952K, reserved 557056K
  class space    used 10318K, committed 11328K, reserved 425984K
}
Event: 63.077 GC heap after
{Heap after GC invocations=40 (full 0):
 garbage-first heap   total reserved 2097152K, committed 186368K, used 115353K [0x0000000080000000, 0x0000000100000000)
  region size 1024K, 3 young (3072K), 3 survivors (3072K)
 Metaspace       used 91773K, committed 93952K, reserved 557056K
  class space    used 10318K, committed 11328K, reserved 425984K
}
Event: 63.958 GC heap before
{Heap before GC invocations=41 (full 0):
 garbage-first heap   total reserved 2097152K, committed 193536K, used 171673K [0x0000000080000000, 0x0000000100000000)
  region size 1024K, 58 young (59392K), 3 survivors (3072K)
 Metaspace       used 95448K, committed 97664K, reserved 557056K
  class space    used 10743K, committed 11776K, reserved 425984K
}
Event: 63.963 GC heap after
{Heap after GC invocations=42 (full 0):
 garbage-first heap   total reserved 2097152K, committed 193536K, used 118343K [0x0000000080000000, 0x0000000100000000)
  region size 1024K, 6 young (6144K), 6 survivors (6144K)
 Metaspace       used 95448K, committed 97664K, reserved 557056K
  class space    used 10743K, committed 11776K, reserved 425984K
}
Event: 64.639 GC heap before
{Heap before GC invocations=42 (full 0):
 garbage-first heap   total reserved 2097152K, committed 193536K, used 176711K [0x0000000080000000, 0x0000000100000000)
  region size 1024K, 63 young (64512K), 6 survivors (6144K)
 Metaspace       used 97140K, committed 99328K, reserved 557056K
  class space    used 10935K, committed 11968K, reserved 425984K
}
Event: 64.650 GC heap after
{Heap after GC invocations=43 (full 0):
 garbage-first heap   total reserved 2097152K, committed 193536K, used 121367K [0x0000000080000000, 0x0000000100000000)
  region size 1024K, 8 young (8192K), 8 survivors (8192K)
 Metaspace       used 97140K, committed 99328K, reserved 557056K
  class space    used 10935K, committed 11968K, reserved 425984K
}
Event: 65.086 GC heap before
{Heap before GC invocations=43 (full 0):
 garbage-first heap   total reserved 2097152K, committed 193536K, used 157207K [0x0000000080000000, 0x0000000100000000)
  region size 1024K, 44 young (45056K), 8 survivors (8192K)
 Metaspace       used 99769K, committed 102016K, reserved 557056K
  class space    used 11256K, committed 12288K, reserved 425984K
}
Event: 65.093 GC heap after
{Heap after GC invocations=44 (full 0):
 garbage-first heap   total reserved 2097152K, committed 193536K, used 123515K [0x0000000080000000, 0x0000000100000000)
  region size 1024K, 2 young (2048K), 2 survivors (2048K)
 Metaspace       used 99769K, committed 102016K, reserved 557056K
  class space    used 11256K, committed 12288K, reserved 425984K
}
Event: 66.095 GC heap before
{Heap before GC invocations=45 (full 0):
 garbage-first heap   total reserved 2097152K, committed 208896K, used 180859K [0x0000000080000000, 0x0000000100000000)
  region size 1024K, 57 young (58368K), 2 survivors (2048K)
 Metaspace       used 103892K, committed 106112K, reserved 557056K
  class space    used 11741K, committed 12800K, reserved 425984K
}
Event: 66.099 GC heap after
{Heap after GC invocations=46 (full 0):
 garbage-first heap   total reserved 2097152K, committed 208896K, used 124948K [0x0000000080000000, 0x0000000100000000)
  region size 1024K, 4 young (4096K), 4 survivors (4096K)
 Metaspace       used 103892K, committed 106112K, reserved 557056K
  class space    used 11741K, committed 12800K, reserved 425984K
}
Event: 66.936 GC heap before
{Heap before GC invocations=46 (full 0):
 garbage-first heap   total reserved 2097152K, committed 208896K, used 192532K [0x0000000080000000, 0x0000000100000000)
  region size 1024K, 70 young (71680K), 4 survivors (4096K)
 Metaspace       used 107849K, committed 110144K, reserved 557056K
  class space    used 12153K, committed 13248K, reserved 425984K
}
Event: 66.943 GC heap after
{Heap after GC invocations=47 (full 0):
 garbage-first heap   total reserved 2097152K, committed 208896K, used 126407K [0x0000000080000000, 0x0000000100000000)
  region size 1024K, 7 young (7168K), 7 survivors (7168K)
 Metaspace       used 107849K, committed 110144K, reserved 557056K
  class space    used 12153K, committed 13248K, reserved 425984K
}

