# JRE version: OpenJDK Runtime Environment (21.0.8) (build 21.0.8+-14196175-b1038.72)
# Java VM: OpenJDK 64-Bit Server VM (21.0.8+-14196175-b1038.72, mixed mode, tiered, compressed oops, compressed class ptrs, g1 gc, windows-amd64)
GC Precious Log:
 CardTable entry size: 512
 Card Set container configuration: InlinePtr #cards 5 size 8 Array Of Cards #cards 12 size 40 Howl #buckets 4 coarsen threshold 1843 Howl Bitmap #cards 512 size 80 coarsen threshold 460 Card regions per heap region 1 cards per card region 2048
 CPUs: 8 total, 8 available
 Memory: 8038M
 Large Page Support: Disabled
 NUMA Support: Disabled
 Compressed Oops: Enabled (32-bit)
 Heap Region Size: 1M
 Heap Min Capacity: 8M
 Heap Initial Capacity: 126M
 Heap Max Capacity: 2G
 Pre-touch: Disabled
 Parallel Workers: 8
 Concurrent Workers: 2
 Concurrent Refinement Workers: 8
 Periodic GC: Disabled
Heap:
 garbage-first heap   total 352256K, used 231121K [0x0000000080000000, 0x0000000100000000)
  region size 1024K, 4 young (4096K), 4 survivors (4096K)
 Metaspace       used 194273K, committed 197248K, reserved 622592K
  class space    used 26061K, committed 27456K, reserved 425984K
GC Heap History (20 events):
Event: 224.753 GC heap after
{Heap after GC invocations=76 (full 0):
 garbage-first heap   total 307200K, used 185558K [0x0000000080000000, 0x0000000100000000)
  region size 1024K, 8 young (8192K), 8 survivors (8192K)
 Metaspace       used 184510K, committed 187200K, reserved 622592K
  class space    used 24845K, committed 26176K, reserved 425984K
}
Event: 234.962 GC heap before
{Heap before GC invocations=76 (full 0):
 garbage-first heap   total 307200K, used 287958K [0x0000000080000000, 0x0000000100000000)
  region size 1024K, 103 young (105472K), 8 survivors (8192K)
 Metaspace       used 191180K, committed 193920K, reserved 622592K
  class space    used 25643K, committed 26944K, reserved 425984K
}
Event: 235.114 GC heap after
{Heap after GC invocations=77 (full 0):
 garbage-first heap   total 307200K, used 192715K [0x0000000080000000, 0x0000000100000000)
  region size 1024K, 13 young (13312K), 13 survivors (13312K)
 Metaspace       used 191180K, committed 193920K, reserved 622592K
  class space    used 25643K, committed 26944K, reserved 425984K
}
Event: 253.995 GC heap before
{Heap before GC invocations=77 (full 0):
 garbage-first heap   total 307200K, used 275659K [0x0000000080000000, 0x0000000100000000)
  region size 1024K, 95 young (97280K), 13 survivors (13312K)
 Metaspace       used 193132K, committed 195968K, reserved 622592K
  class space    used 25936K, committed 27264K, reserved 425984K
}
Event: 254.078 GC heap after
{Heap after GC invocations=78 (full 0):
 garbage-first heap   total 307200K, used 204382K [0x0000000080000000, 0x0000000100000000)
  region size 1024K, 12 young (12288K), 12 survivors (12288K)
 Metaspace       used 193132K, committed 195968K, reserved 622592K
  class space    used 25936K, committed 27264K, reserved 425984K
}
Event: 260.425 GC heap before
{Heap before GC invocations=78 (full 0):
 garbage-first heap   total 307200K, used 278110K [0x0000000080000000, 0x0000000100000000)
  region size 1024K, 85 young (87040K), 12 survivors (12288K)
 Metaspace       used 193150K, committed 195968K, reserved 622592K
  class space    used 25936K, committed 27264K, reserved 425984K
}
Event: 260.470 GC heap after
{Heap after GC invocations=79 (full 0):
 garbage-first heap   total 307200K, used 209781K [0x0000000080000000, 0x0000000100000000)
  region size 1024K, 6 young (6144K), 6 survivors (6144K)
 Metaspace       used 193150K, committed 195968K, reserved 622592K
  class space    used 25936K, committed 27264K, reserved 425984K
}
Event: 266.884 GC heap before
{Heap before GC invocations=80 (full 0):
 garbage-first heap   total 352256K, used 280437K [0x0000000080000000, 0x0000000100000000)
  region size 1024K, 76 young (77824K), 6 survivors (6144K)
 Metaspace       used 193458K, committed 196288K, reserved 622592K
  class space    used 25959K, committed 27328K, reserved 425984K
}
Event: 266.898 GC heap after
{Heap after GC invocations=81 (full 0):
 garbage-first heap   total 352256K, used 214322K [0x0000000080000000, 0x0000000100000000)
  region size 1024K, 10 young (10240K), 10 survivors (10240K)
 Metaspace       used 193458K, committed 196288K, reserved 622592K
  class space    used 25959K, committed 27328K, reserved 425984K
}
Event: 274.582 GC heap before
{Heap before GC invocations=81 (full 0):
 garbage-first heap   total 352256K, used 324914K [0x0000000080000000, 0x0000000100000000)
  region size 1024K, 116 young (118784K), 10 survivors (10240K)
 Metaspace       used 193675K, committed 196480K, reserved 622592K
  class space    used 25995K, committed 27328K, reserved 425984K
}
Event: 274.622 GC heap after
{Heap after GC invocations=82 (full 0):
 garbage-first heap   total 352256K, used 221324K [0x0000000080000000, 0x0000000100000000)
  region size 1024K, 15 young (15360K), 15 survivors (15360K)
 Metaspace       used 193675K, committed 196480K, reserved 622592K
  class space    used 25995K, committed 27328K, reserved 425984K
}
Event: 276.281 GC heap before
{Heap before GC invocations=82 (full 0):
 garbage-first heap   total 352256K, used 316556K [0x0000000080000000, 0x0000000100000000)
  region size 1024K, 109 young (111616K), 15 survivors (15360K)
 Metaspace       used 193679K, committed 196480K, reserved 622592K
  class space    used 25995K, committed 27328K, reserved 425984K
}
Event: 276.327 GC heap after
{Heap after GC invocations=83 (full 0):
 garbage-first heap   total 352256K, used 214515K [0x0000000080000000, 0x0000000100000000)
  region size 1024K, 6 young (6144K), 6 survivors (6144K)
 Metaspace       used 193679K, committed 196480K, reserved 622592K
  class space    used 25995K, committed 27328K, reserved 425984K
}
Event: 285.053 GC heap before
{Heap before GC invocations=83 (full 0):
 garbage-first heap   total 352256K, used 324083K [0x0000000080000000, 0x0000000100000000)
  region size 1024K, 114 young (116736K), 6 survivors (6144K)
 Metaspace       used 194158K, committed 197120K, reserved 622592K
  class space    used 26047K, committed 27456K, reserved 425984K
}
Event: 285.109 GC heap after
{Heap after GC invocations=84 (full 0):
 garbage-first heap   total 352256K, used 224445K [0x0000000080000000, 0x0000000100000000)
  region size 1024K, 15 young (15360K), 15 survivors (15360K)
 Metaspace       used 194158K, committed 197120K, reserved 622592K
  class space    used 26047K, committed 27456K, reserved 425984K
}
Event: 286.763 GC heap before
{Heap before GC invocations=84 (full 0):
 garbage-first heap   total 352256K, used 316605K [0x0000000080000000, 0x0000000100000000)
  region size 1024K, 106 young (108544K), 15 survivors (15360K)
 Metaspace       used 194273K, committed 197248K, reserved 622592K
  class space    used 26061K, committed 27456K, reserved 425984K
}
Event: 287.671 GC heap after
{Heap after GC invocations=85 (full 0):
 garbage-first heap   total 352256K, used 229403K [0x0000000080000000, 0x0000000100000000)
  region size 1024K, 8 young (8192K), 8 survivors (8192K)
 Metaspace       used 194273K, committed 197248K, reserved 622592K
  class space    used 26061K, committed 27456K, reserved 425984K
}
Event: 288.007 GC heap before
{Heap before GC invocations=85 (full 0):
 garbage-first heap   total 352256K, used 238619K [0x0000000080000000, 0x0000000100000000)
  region size 1024K, 17 young (17408K), 8 survivors (8192K)
 Metaspace       used 194273K, committed 197248K, reserved 622592K
  class space    used 26061K, committed 27456K, reserved 425984K
}
Event: 288.041 GC heap after
{Heap after GC invocations=86 (full 0):
 garbage-first heap   total 352256K, used 230307K [0x0000000080000000, 0x0000000100000000)
  region size 1024K, 3 young (3072K), 3 survivors (3072K)
 Metaspace       used 194273K, committed 197248K, reserved 622592K
  class space    used 26061K, committed 27456K, reserved 425984K
}
Event: 288.347 GC heap before
{Heap before GC invocations=86 (full 0):
 garbage-first heap   total 352256K, used 275363K [0x0000000080000000, 0x0000000100000000)
  region size 1024K, 48 young (49152K), 3 survivors (3072K)
 Metaspace       used 194273K, committed 197248K, reserved 622592K
  class space    used 26061K, committed 27456K, reserved 425984K
}

